<?xml version="1.0" encoding="UTF-8"?>
<!-- Generated by org.testng.reporters.JUnitXMLReporter -->
<testsuite hostname="AND0028" name="Test" tests="1" failures="0" timestamp="13 Jan 2017 14:22:49 GMT" time="59.672" errors="0">
  <testcase name="@BeforeTest beforeTest" time="0.0" classname="example.NewTest">
    <failure type="org.openqa.selenium.WebDriverException" message="Failed to connect to binary FirefoxBinary(C:\Program Files\Mozilla Firefox\firefox.exe) on port 7055; process output follows: 
se,&amp;quot;v&amp;quot;:&amp;quot;2.45.0&amp;quot;,&amp;quot;st&amp;quot;:1484317311657,&amp;quot;mt&amp;quot;:1484317311619}},&amp;quot;app-system-defaults&amp;quot;:{&amp;quot;e10srollout@mozilla.org&amp;quot;:{&amp;quot;d&amp;quot;:&amp;quot;C:\\Program Files\\Mozilla Firefox\\browser\\features\\e10srollout@mozilla.org.xpi&amp;quot;,&amp;quot;e&amp;quot;:true,&amp;quot;v&amp;quot;:&amp;quot;1.0&amp;quot;,&amp;quot;st&amp;quot;:1476968973519},&amp;quot;firefox@getpocket.com&amp;quot;:{&amp;quot;d&amp;quot;:&amp;quot;C:\\Program Files\\Mozilla Firefox\\browser\\features\\firefox@getpocket.com.xpi&amp;quot;,&amp;quot;e&amp;quot;:true,&amp;quot;v&amp;quot;:&amp;quot;1.0.2&amp;quot;,&amp;quot;st&amp;quot;:1476968973516},&amp;quot;loop@mozilla.org&amp;quot;:{&amp;quot;d&amp;quot;:&amp;quot;C:\\Program Files\\Mozilla Firefox\\browser\\features\\loop@mozilla.org.xpi&amp;quot;,&amp;quot;e&amp;quot;:true,&amp;quot;v&amp;quot;:&amp;quot;1.3.2&amp;quot;,&amp;quot;st&amp;quot;:1476968973441}},&amp;quot;app-global&amp;quot;:{&amp;quot;{972ce4c6-7e08-4474-a285-3208198ce6fd}&amp;quot;:{&amp;quot;d&amp;quot;:&amp;quot;C:\\Program Files\\Mozilla Firefox\\browser\\extensions\\{972ce4c6-7e08-4474-a285-3208198ce6fd}.xpi&amp;quot;,&amp;quot;e&amp;quot;:true,&amp;quot;v&amp;quot;:&amp;quot;47.0.1&amp;quot;,&amp;quot;st&amp;quot;:1476968973522}}}
1484317324997	addons.xpi	DEBUG	No changes found
1484317325007	addons.xpi	DEBUG	Registering manifest for C:\Program Files\Mozilla Firefox\browser\features\e10srollout@mozilla.org.xpi
1484317325023	addons.xpi	DEBUG	Loading bootstrap scope from C:\Program Files\Mozilla Firefox\browser\features\e10srollout@mozilla.org.xpi
1484317325042	addons.xpi	DEBUG	Calling bootstrap method startup on e10srollout@mozilla.org version 1.0
1484317325043	addons.xpi	DEBUG	Registering manifest for C:\Program Files\Mozilla Firefox\browser\features\firefox@getpocket.com.xpi
1484317325056	addons.xpi	DEBUG	Loading bootstrap scope from C:\Program Files\Mozilla Firefox\browser\features\firefox@getpocket.com.xpi
1484317325062	addons.xpi	DEBUG	Calling bootstrap method startup on firefox@getpocket.com version 1.0.2
1484317325074	addons.xpi-utils	DEBUG	Starting async load of XPI database C:\Users\nurd\AppData\Local\Temp\anonymous1675179619340152204webdriver-profile\extensions.json
1484317325076	addons.xpi	DEBUG	Registering manifest for C:\Program Files\Mozilla Firefox\browser\features\loop@mozilla.org.xpi
1484317325091	addons.xpi	DEBUG	Loading bootstrap scope from C:\Program Files\Mozilla Firefox\browser\features\loop@mozilla.org.xpi
1484317325102	addons.xpi	DEBUG	Calling bootstrap method startup on loop@mozilla.org version 1.3.2
1484317325135	addons.manager	DEBUG	Registering shutdown blocker for XPIProvider
1484317325136	addons.manager	DEBUG	Provider finished startup: XPIProvider
1484317325136	addons.manager	DEBUG	Starting provider: LightweightThemeManager
1484317325136	addons.manager	DEBUG	Registering shutdown blocker for LightweightThemeManager
1484317325136	addons.manager	DEBUG	Provider finished startup: LightweightThemeManager
1484317325137	addons.manager	DEBUG	Starting provider: GMPProvider
1484317325147	addons.manager	DEBUG	Registering shutdown blocker for GMPProvider
1484317325148	addons.manager	DEBUG	Provider finished startup: GMPProvider
1484317325148	addons.manager	DEBUG	Starting provider: PluginProvider
1484317325148	addons.manager	DEBUG	Registering shutdown blocker for PluginProvider
1484317325149	addons.manager	DEBUG	Provider finished startup: PluginProvider
1484317325150	addons.manager	DEBUG	Completed startup sequence
1484317325601	addons.xpi-utils	DEBUG	Async JSON file read took 0 MS
1484317325601	addons.xpi-utils	DEBUG	Finished async read of XPI database, parsing...
1484317325604	addons.xpi-utils	DEBUG	Successfully read XPI database
1484317325622	addons.manager	DEBUG	Starting provider: &amp;lt;unnamed-provider&amp;gt;
1484317325622	addons.manager	DEBUG	Registering shutdown blocker for &amp;lt;unnamed-provider&amp;gt;
1484317325623	addons.manager	DEBUG	Provider finished startup: &amp;lt;unnamed-provider&amp;gt;
*** Blocklist::_loadBlocklistFromFile: blocklist is disabled
1484317325900	addons.manager	DEBUG	Starting provider: PreviousExperimentProvider
1484317325900	addons.manager	DEBUG	Registering shutdown blocker for PreviousExperimentProvider
1484317325901	addons.manager	DEBUG	Provider finished startup: PreviousExperimentProvider
JavaScript warning: https://normandy.cdn.mozilla.net/static/bundles/selfrepair-133d4d7c9de72117ee8e.24ec5279eef1.js, line 7: mutating the [[Prototype]] of an object will cause your code to run very slowly; instead create the object with the correct initial [[Prototype]] value using Object.create

Build info: version: &amp;apos;2.45.0&amp;apos;, revision: &amp;apos;5017cb8e7ca8e37638dc3091b2440b90a1d8686f&amp;apos;, time: &amp;apos;2015-02-27 09:10:26&amp;apos;
System info: host: &amp;apos;AND0028&amp;apos;, ip: &amp;apos;10.100.137.52&amp;apos;, os.name: &amp;apos;Windows 7&amp;apos;, os.arch: &amp;apos;amd64&amp;apos;, os.version: &amp;apos;6.1&amp;apos;, java.version: &amp;apos;1.8.0_111&amp;apos;
Driver info: driver.version: FirefoxDriver">
      <![CDATA[org.openqa.selenium.WebDriverException: Failed to connect to binary FirefoxBinary(C:\Program Files\Mozilla Firefox\firefox.exe) on port 7055; process output follows: 
se,"v":"2.45.0","st":1484317311657,"mt":1484317311619}},"app-system-defaults":{"e10srollout@mozilla.org":{"d":"C:\\Program Files\\Mozilla Firefox\\browser\\features\\e10srollout@mozilla.org.xpi","e":true,"v":"1.0","st":1476968973519},"firefox@getpocket.com":{"d":"C:\\Program Files\\Mozilla Firefox\\browser\\features\\firefox@getpocket.com.xpi","e":true,"v":"1.0.2","st":1476968973516},"loop@mozilla.org":{"d":"C:\\Program Files\\Mozilla Firefox\\browser\\features\\loop@mozilla.org.xpi","e":true,"v":"1.3.2","st":1476968973441}},"app-global":{"{972ce4c6-7e08-4474-a285-3208198ce6fd}":{"d":"C:\\Program Files\\Mozilla Firefox\\browser\\extensions\\{972ce4c6-7e08-4474-a285-3208198ce6fd}.xpi","e":true,"v":"47.0.1","st":1476968973522}}}
1484317324997	addons.xpi	DEBUG	No changes found
1484317325007	addons.xpi	DEBUG	Registering manifest for C:\Program Files\Mozilla Firefox\browser\features\e10srollout@mozilla.org.xpi
1484317325023	addons.xpi	DEBUG	Loading bootstrap scope from C:\Program Files\Mozilla Firefox\browser\features\e10srollout@mozilla.org.xpi
1484317325042	addons.xpi	DEBUG	Calling bootstrap method startup on e10srollout@mozilla.org version 1.0
1484317325043	addons.xpi	DEBUG	Registering manifest for C:\Program Files\Mozilla Firefox\browser\features\firefox@getpocket.com.xpi
1484317325056	addons.xpi	DEBUG	Loading bootstrap scope from C:\Program Files\Mozilla Firefox\browser\features\firefox@getpocket.com.xpi
1484317325062	addons.xpi	DEBUG	Calling bootstrap method startup on firefox@getpocket.com version 1.0.2
1484317325074	addons.xpi-utils	DEBUG	Starting async load of XPI database C:\Users\nurd\AppData\Local\Temp\anonymous1675179619340152204webdriver-profile\extensions.json
1484317325076	addons.xpi	DEBUG	Registering manifest for C:\Program Files\Mozilla Firefox\browser\features\loop@mozilla.org.xpi
1484317325091	addons.xpi	DEBUG	Loading bootstrap scope from C:\Program Files\Mozilla Firefox\browser\features\loop@mozilla.org.xpi
1484317325102	addons.xpi	DEBUG	Calling bootstrap method startup on loop@mozilla.org version 1.3.2
1484317325135	addons.manager	DEBUG	Registering shutdown blocker for XPIProvider
1484317325136	addons.manager	DEBUG	Provider finished startup: XPIProvider
1484317325136	addons.manager	DEBUG	Starting provider: LightweightThemeManager
1484317325136	addons.manager	DEBUG	Registering shutdown blocker for LightweightThemeManager
1484317325136	addons.manager	DEBUG	Provider finished startup: LightweightThemeManager
1484317325137	addons.manager	DEBUG	Starting provider: GMPProvider
1484317325147	addons.manager	DEBUG	Registering shutdown blocker for GMPProvider
1484317325148	addons.manager	DEBUG	Provider finished startup: GMPProvider
1484317325148	addons.manager	DEBUG	Starting provider: PluginProvider
1484317325148	addons.manager	DEBUG	Registering shutdown blocker for PluginProvider
1484317325149	addons.manager	DEBUG	Provider finished startup: PluginProvider
1484317325150	addons.manager	DEBUG	Completed startup sequence
1484317325601	addons.xpi-utils	DEBUG	Async JSON file read took 0 MS
1484317325601	addons.xpi-utils	DEBUG	Finished async read of XPI database, parsing...
1484317325604	addons.xpi-utils	DEBUG	Successfully read XPI database
1484317325622	addons.manager	DEBUG	Starting provider: <unnamed-provider>
1484317325622	addons.manager	DEBUG	Registering shutdown blocker for <unnamed-provider>
1484317325623	addons.manager	DEBUG	Provider finished startup: <unnamed-provider>
*** Blocklist::_loadBlocklistFromFile: blocklist is disabled
1484317325900	addons.manager	DEBUG	Starting provider: PreviousExperimentProvider
1484317325900	addons.manager	DEBUG	Registering shutdown blocker for PreviousExperimentProvider
1484317325901	addons.manager	DEBUG	Provider finished startup: PreviousExperimentProvider
JavaScript warning: https://normandy.cdn.mozilla.net/static/bundles/selfrepair-133d4d7c9de72117ee8e.24ec5279eef1.js, line 7: mutating the [[Prototype]] of an object will cause your code to run very slowly; instead create the object with the correct initial [[Prototype]] value using Object.create

Build info: version: '2.45.0', revision: '5017cb8e7ca8e37638dc3091b2440b90a1d8686f', time: '2015-02-27 09:10:26'
System info: host: 'AND0028', ip: '10.100.137.52', os.name: 'Windows 7', os.arch: 'amd64', os.version: '6.1', java.version: '1.8.0_111'
Driver info: driver.version: FirefoxDriver
	at org.openqa.selenium.firefox.internal.NewProfileExtensionConnection.start(NewProfileExtensionConnection.java:130)
	at org.openqa.selenium.firefox.FirefoxDriver.startClient(FirefoxDriver.java:246)
	at org.openqa.selenium.remote.RemoteWebDriver.<init>(RemoteWebDriver.java:114)
	at org.openqa.selenium.firefox.FirefoxDriver.<init>(FirefoxDriver.java:191)
	at org.openqa.selenium.firefox.FirefoxDriver.<init>(FirefoxDriver.java:186)
	at org.openqa.selenium.firefox.FirefoxDriver.<init>(FirefoxDriver.java:182)
	at org.openqa.selenium.firefox.FirefoxDriver.<init>(FirefoxDriver.java:95)
	at example.NewTest.beforeTest(NewTest.java:20)
Caused by: org.openqa.selenium.firefox.NotConnectedException: Unable to connect to host 127.0.0.1 on port 7055 after 45000 ms. Firefox console output:
se,"v":"2.45.0","st":1484317311657,"mt":1484317311619}},"app-system-defaults":{"e10srollout@mozilla.org":{"d":"C:\\Program Files\\Mozilla Firefox\\browser\\features\\e10srollout@mozilla.org.xpi","e":true,"v":"1.0","st":1476968973519},"firefox@getpocket.com":{"d":"C:\\Program Files\\Mozilla Firefox\\browser\\features\\firefox@getpocket.com.xpi","e":true,"v":"1.0.2","st":1476968973516},"loop@mozilla.org":{"d":"C:\\Program Files\\Mozilla Firefox\\browser\\features\\loop@mozilla.org.xpi","e":true,"v":"1.3.2","st":1476968973441}},"app-global":{"{972ce4c6-7e08-4474-a285-3208198ce6fd}":{"d":"C:\\Program Files\\Mozilla Firefox\\browser\\extensions\\{972ce4c6-7e08-4474-a285-3208198ce6fd}.xpi","e":true,"v":"47.0.1","st":1476968973522}}}
1484317324997	addons.xpi	DEBUG	No changes found
1484317325007	addons.xpi	DEBUG	Registering manifest for C:\Program Files\Mozilla Firefox\browser\features\e10srollout@mozilla.org.xpi
1484317325023	addons.xpi	DEBUG	Loading bootstrap scope from C:\Program Files\Mozilla Firefox\browser\features\e10srollout@mozilla.org.xpi
1484317325042	addons.xpi	DEBUG	Calling bootstrap method startup on e10srollout@mozilla.org version 1.0
1484317325043	addons.xpi	DEBUG	Registering manifest for C:\Program Files\Mozilla Firefox\browser\features\firefox@getpocket.com.xpi
1484317325056	addons.xpi	DEBUG	Loading bootstrap scope from C:\Program Files\Mozilla Firefox\browser\features\firefox@getpocket.com.xpi
1484317325062	addons.xpi	DEBUG	Calling bootstrap method startup on firefox@getpocket.com version 1.0.2
1484317325074	addons.xpi-utils	DEBUG	Starting async load of XPI database C:\Users\nurd\AppData\Local\Temp\anonymous1675179619340152204webdriver-profile\extensions.json
1484317325076	addons.xpi	DEBUG	Registering manifest for C:\Program Files\Mozilla Firefox\browser\features\loop@mozilla.org.xpi
1484317325091	addons.xpi	DEBUG	Loading bootstrap scope from C:\Program Files\Mozilla Firefox\browser\features\loop@mozilla.org.xpi
1484317325102	addons.xpi	DEBUG	Calling bootstrap method startup on loop@mozilla.org version 1.3.2
1484317325135	addons.manager	DEBUG	Registering shutdown blocker for XPIProvider
1484317325136	addons.manager	DEBUG	Provider finished startup: XPIProvider
1484317325136	addons.manager	DEBUG	Starting provider: LightweightThemeManager
1484317325136	addons.manager	DEBUG	Registering shutdown blocker for LightweightThemeManager
1484317325136	addons.manager	DEBUG	Provider finished startup: LightweightThemeManager
1484317325137	addons.manager	DEBUG	Starting provider: GMPProvider
1484317325147	addons.manager	DEBUG	Registering shutdown blocker for GMPProvider
1484317325148	addons.manager	DEBUG	Provider finished startup: GMPProvider
1484317325148	addons.manager	DEBUG	Starting provider: PluginProvider
1484317325148	addons.manager	DEBUG	Registering shutdown blocker for PluginProvider
1484317325149	addons.manager	DEBUG	Provider finished startup: PluginProvider
1484317325150	addons.manager	DEBUG	Completed startup sequence
1484317325601	addons.xpi-utils	DEBUG	Async JSON file read took 0 MS
1484317325601	addons.xpi-utils	DEBUG	Finished async read of XPI database, parsing...
1484317325604	addons.xpi-utils	DEBUG	Successfully read XPI database
1484317325622	addons.manager	DEBUG	Starting provider: <unnamed-provider>
1484317325622	addons.manager	DEBUG	Registering shutdown blocker for <unnamed-provider>
1484317325623	addons.manager	DEBUG	Provider finished startup: <unnamed-provider>
*** Blocklist::_loadBlocklistFromFile: blocklist is disabled
1484317325900	addons.manager	DEBUG	Starting provider: PreviousExperimentProvider
1484317325900	addons.manager	DEBUG	Registering shutdown blocker for PreviousExperimentProvider
1484317325901	addons.manager	DEBUG	Provider finished startup: PreviousExperimentProvider
JavaScript warning: https://normandy.cdn.mozilla.net/static/bundles/selfrepair-133d4d7c9de72117ee8e.24ec5279eef1.js, line 7: mutating the [[Prototype]] of an object will cause your code to run very slowly; instead create the object with the correct initial [[Prototype]] value using Object.create

	at org.openqa.selenium.firefox.internal.NewProfileExtensionConnection.start(NewProfileExtensionConnection.java:118)
	... 29 more
... Removed 22 stack frames]]>
    </failure>
  </testcase> <!-- @BeforeTest beforeTest -->
  <testcase name="@AfterTest afterTest" time="0.0" classname="example.NewTest">
    <skipped/>
  </testcase> <!-- @AfterTest afterTest -->
  <testcase name="testEasy" time="0.001" classname="example.NewTest">
    <skipped/>
  </testcase> <!-- testEasy -->
</testsuite> <!-- Test -->
